\BOOKMARK [1][-]{section.1}{Some Definitions}{}% 1
\BOOKMARK [1][-]{section.2}{Activation Functions}{}% 2
\BOOKMARK [1][-]{section.3}{Normalization}{}% 3
\BOOKMARK [1][-]{section.4}{Regularization}{}% 4
\BOOKMARK [1][-]{section.5}{Loss Functions}{}% 5
\BOOKMARK [1][-]{section.6}{Practical Backpropagation Method}{}% 6
\BOOKMARK [2][-]{subsection.6.1}{Symbolic Differentiation}{section.6}% 7
\BOOKMARK [2][-]{subsection.6.2}{Numerical Differentiation}{section.6}% 8
\BOOKMARK [2][-]{subsection.6.3}{AutoDiff}{section.6}% 9
\BOOKMARK [1][-]{section.7}{Optimization Methods}{}% 10
\BOOKMARK [1][-]{section.8}{Convolutional Neural Networks \(CNN\)}{}% 11
\BOOKMARK [2][-]{subsection.8.1}{Convolutional Layers}{section.8}% 12
\BOOKMARK [2][-]{subsection.8.2}{Pooling Layers}{section.8}% 13
\BOOKMARK [2][-]{subsection.8.3}{Zero-paddings}{section.8}% 14
\BOOKMARK [2][-]{subsection.8.4}{Backbones}{section.8}% 15
\BOOKMARK [1][-]{section.9}{Object Detection}{}% 16
\BOOKMARK [2][-]{subsection.9.1}{Backbone}{section.9}% 17
\BOOKMARK [2][-]{subsection.9.2}{Neck Layers}{section.9}% 18
\BOOKMARK [2][-]{subsection.9.3}{Detection Head}{section.9}% 19
\BOOKMARK [2][-]{subsection.9.4}{Loss Functions}{section.9}% 20
\BOOKMARK [2][-]{subsection.9.5}{Matrics}{section.9}% 21
\BOOKMARK [1][-]{section.10}{Image Segmentation}{}% 22
\BOOKMARK [2][-]{subsection.10.1}{Backbone}{section.10}% 23
\BOOKMARK [2][-]{subsection.10.2}{Neck Layers}{section.10}% 24
\BOOKMARK [2][-]{subsection.10.3}{Detection Head}{section.10}% 25
\BOOKMARK [2][-]{subsection.10.4}{Loss Functions}{section.10}% 26
\BOOKMARK [2][-]{subsection.10.5}{Matrics}{section.10}% 27
